TN:
SF:/Users/ladymey/WebstormProjects/nutritionist/bluePrint/models/logger.js
FN:5,(anonymous_0)
FN:13,(anonymous_1)
FNF:2
FNH:1
FNDA:0,(anonymous_0)
FNDA:1,(anonymous_1)
DA:5,1
DA:13,1
DA:14,1
DA:15,1
DA:16,0
DA:24,1
DA:25,0
DA:33,1
DA:40,1
DA:43,1
LF:10
LH:8
BRDA:15,0,0,0
BRDA:15,0,1,1
BRDA:24,1,0,0
BRDA:24,1,1,1
BRF:4
BRH:2
end_of_record
TN:
SF:/Users/ladymey/WebstormProjects/nutritionist/bluePrint/monitoring/envVars.js
FN:4,getFilterEnvs
FN:5,(anonymous_1)
FNF:2
FNH:0
FNDA:0,getFilterEnvs
FNDA:0,(anonymous_1)
DA:1,1
DA:2,1
DA:5,0
DA:6,0
DA:8,0
DA:11,1
LF:6
LH:3
BRF:0
BRH:0
end_of_record
TN:
SF:/Users/ladymey/WebstormProjects/nutritionist/bluePrint/utils/stackTraceInfo.js
FN:2,(anonymous_0)
FN:4,(anonymous_1)
FNF:2
FNH:0
FNDA:0,(anonymous_0)
FNDA:0,(anonymous_1)
DA:1,1
DA:3,0
DA:4,0
DA:5,0
DA:6,0
DA:7,0
DA:13,1
DA:19,0
LF:8
LH:2
BRF:0
BRH:0
end_of_record
